<?xml version="1.0" encoding="UTF-8"?>
<!-- Generated by org.testng.reporters.JUnitXMLReporter -->
<testsuite hostname="Riyaans-MacBook-Air.local" ignored="0" name="MyTests" tests="1" failures="1" timestamp="2022-01-22T12:24:34 IST" time="17.628" errors="0">
  <testcase name="registration_of_user" time="7.152" classname="com.test.RegistrationTest">
    <failure type="java.lang.AssertionError" message="expected [true] but found [false]">
      <![CDATA[java.lang.AssertionError: expected [true] but found [false]
at com.test.RegistrationTest.registration_of_user(RegistrationTest.java:27)
at java.util.ArrayList.forEach(ArrayList.java:1259)
... Removed 31 stack frames]]>
    </failure>
  </testcase> <!-- registration_of_user -->
</testsuite> <!-- MyTests -->
